<?xml version="1.0" encoding="UTF-8"?>
<!-- Generated by org.testng.reporters.JUnitXMLReporter -->
<testsuite ignored="0" hostname="DESKTOP-O7C6MH5" failures="0" tests="6" name="Default test" time="18.557" errors="0" timestamp="2025-02-26T17:14:27 IST">
  <testcase classname="api.test.PetsTest" name="testPostPets" time="7.648"/>
  <testcase classname="api.test.PetsTest" name="testPostPetsUpload" time="2.931"/>
  <testcase classname="api.test.PetsTest" name="testreadPet" time="1.257"/>
  <testcase classname="api.test.PetsTest" name="testPutPets" time="1.393"/>
  <testcase classname="api.test.PetsTest" name="testgetpetbystatus" time="1.392"/>
  <testcase classname="api.test.PetsTest" name="testDeletePets" time="1.414"/>
</testsuite> <!-- Default test -->
