<?xml version="1.0" encoding="UTF-8"?>
<!-- Generated by org.testng.reporters.JUnitXMLReporter -->
<testsuite ignored="0" hostname="DESKTOP-O7C6MH5" failures="0" tests="6" name="Test" time="19.61" errors="0" timestamp="2025-02-26T17:18:16 IST">
  <testcase classname="api.test.PetsTest" name="testPostPets" time="7.535"/>
  <testcase classname="api.test.PetsTest" name="testPostPetsUpload" time="3.246"/>
  <testcase classname="api.test.PetsTest" name="testreadPet" time="1.46"/>
  <testcase classname="api.test.PetsTest" name="testPutPets" time="1.497"/>
  <testcase classname="api.test.PetsTest" name="testgetpetbystatus" time="1.53"/>
  <testcase classname="api.test.PetsTest" name="testDeletePets" time="1.435"/>
</testsuite> <!-- Test -->
