<?xml version="1.0" encoding="UTF-8"?>
<!-- Generated by org.testng.reporters.JUnitXMLReporter -->
<testsuite ignored="0" hostname="DESKTOP-O7C6MH5" failures="1" tests="1" name="Test" time="3.177" errors="0" timestamp="2025-02-24T12:41:56 IST">
  <testcase classname="api.test.DDTests" name="testPostuser" time="0.0">
    <failure type="java.lang.RuntimeException" message="java.lang.NullPointerException: Cannot invoke &amp;quot;org.apache.poi.xssf.usermodel.XSSFRow.getCell(int)&amp;quot; because &amp;quot;this.row&amp;quot; is null">
      <![CDATA[java.lang.RuntimeException: java.lang.NullPointerException: Cannot invoke "org.apache.poi.xssf.usermodel.XSSFRow.getCell(int)" because "this.row" is null
at java.base/java.util.ArrayList.forEach(ArrayList.java:1511)
Caused by: java.lang.NullPointerException: Cannot invoke "org.apache.poi.xssf.usermodel.XSSFRow.getCell(int)" because "this.row" is null
at api.utilities.XLUtility.getCellData(XLUtility.java:63)
at api.utilities.DataProviders.getAllData(DataProviders.java:23)
... 29 more
... Removed 36 stack frames]]>
    </failure>
  </testcase> <!-- testPostuser -->
</testsuite> <!-- Test -->
