<?xml version="1.0" encoding="UTF-8"?>
<testng-results ignored="0" total="6" passed="6" failed="0" skipped="0">
  <reporter-output>
  </reporter-output>
  <suite started-at="2025-02-26T17:19:08 IST" name="Suite" finished-at="2025-02-26T17:19:22 IST" duration-ms="14858">
    <groups>
    </groups>
    <test started-at="2025-02-26T17:19:08 IST" name="Test" finished-at="2025-02-26T17:19:22 IST" duration-ms="14858">
      <class name="api.test.PetsTest">
        <test-method is-config="true" signature="setup()[pri:0, instance:api.test.PetsTest@39529185]" started-at="2025-02-26T17:19:08 IST" name="setup" finished-at="2025-02-26T17:19:09 IST" duration-ms="1299" status="PASS">
          <reporter-output>
          </reporter-output>
        </test-method> <!-- setup -->
        <test-method signature="testPostPets()[pri:1, instance:api.test.PetsTest@39529185]" started-at="2025-02-26T17:19:09 IST" name="testPostPets" finished-at="2025-02-26T17:19:13 IST" duration-ms="4538" status="PASS">
          <reporter-output>
          </reporter-output>
        </test-method> <!-- testPostPets -->
        <test-method signature="testPostPetsUpload()[pri:2, instance:api.test.PetsTest@39529185]" started-at="2025-02-26T17:19:13 IST" name="testPostPetsUpload" finished-at="2025-02-26T17:19:16 IST" duration-ms="2913" status="PASS">
          <reporter-output>
          </reporter-output>
        </test-method> <!-- testPostPetsUpload -->
        <test-method signature="testreadPet()[pri:3, instance:api.test.PetsTest@39529185]" started-at="2025-02-26T17:19:16 IST" name="testreadPet" finished-at="2025-02-26T17:19:18 IST" duration-ms="1535" status="PASS">
          <reporter-output>
          </reporter-output>
        </test-method> <!-- testreadPet -->
        <test-method signature="testPutPets()[pri:4, instance:api.test.PetsTest@39529185]" started-at="2025-02-26T17:19:18 IST" name="testPutPets" finished-at="2025-02-26T17:19:19 IST" duration-ms="1532" status="PASS">
          <reporter-output>
          </reporter-output>
        </test-method> <!-- testPutPets -->
        <test-method signature="testgetpetbystatus()[pri:5, instance:api.test.PetsTest@39529185]" started-at="2025-02-26T17:19:19 IST" name="testgetpetbystatus" finished-at="2025-02-26T17:19:21 IST" duration-ms="1532" status="PASS">
          <reporter-output>
          </reporter-output>
        </test-method> <!-- testgetpetbystatus -->
        <test-method signature="testDeletePets()[pri:6, instance:api.test.PetsTest@39529185]" started-at="2025-02-26T17:19:21 IST" name="testDeletePets" finished-at="2025-02-26T17:19:22 IST" duration-ms="1432" status="PASS">
          <reporter-output>
          </reporter-output>
        </test-method> <!-- testDeletePets -->
      </class> <!-- api.test.PetsTest -->
    </test> <!-- Test -->
  </suite> <!-- Suite -->
</testng-results>
