<?xml version="1.0" encoding="UTF-8"?>
<testng-results ignored="0" total="6" passed="6" failed="0" skipped="0">
  <reporter-output>
  </reporter-output>
  <suite started-at="2025-02-26T17:17:56 IST" name="Suite" finished-at="2025-02-26T17:18:16 IST" duration-ms="19610">
    <groups>
    </groups>
    <test started-at="2025-02-26T17:17:56 IST" name="Test" finished-at="2025-02-26T17:18:16 IST" duration-ms="19610">
      <class name="api.test.PetsTest">
        <test-method is-config="true" signature="setup()[pri:0, instance:api.test.PetsTest@31304f14]" started-at="2025-02-26T17:17:56 IST" name="setup" finished-at="2025-02-26T17:17:59 IST" duration-ms="2689" status="PASS">
          <reporter-output>
          </reporter-output>
        </test-method> <!-- setup -->
        <test-method signature="testPostPets()[pri:1, instance:api.test.PetsTest@31304f14]" started-at="2025-02-26T17:17:59 IST" name="testPostPets" finished-at="2025-02-26T17:18:07 IST" duration-ms="7535" status="PASS">
          <reporter-output>
          </reporter-output>
        </test-method> <!-- testPostPets -->
        <test-method signature="testPostPetsUpload()[pri:2, instance:api.test.PetsTest@31304f14]" started-at="2025-02-26T17:18:07 IST" name="testPostPetsUpload" finished-at="2025-02-26T17:18:10 IST" duration-ms="3246" status="PASS">
          <reporter-output>
          </reporter-output>
        </test-method> <!-- testPostPetsUpload -->
        <test-method signature="testreadPet()[pri:3, instance:api.test.PetsTest@31304f14]" started-at="2025-02-26T17:18:10 IST" name="testreadPet" finished-at="2025-02-26T17:18:12 IST" duration-ms="1460" status="PASS">
          <reporter-output>
          </reporter-output>
        </test-method> <!-- testreadPet -->
        <test-method signature="testPutPets()[pri:4, instance:api.test.PetsTest@31304f14]" started-at="2025-02-26T17:18:12 IST" name="testPutPets" finished-at="2025-02-26T17:18:13 IST" duration-ms="1497" status="PASS">
          <reporter-output>
          </reporter-output>
        </test-method> <!-- testPutPets -->
        <test-method signature="testgetpetbystatus()[pri:5, instance:api.test.PetsTest@31304f14]" started-at="2025-02-26T17:18:13 IST" name="testgetpetbystatus" finished-at="2025-02-26T17:18:15 IST" duration-ms="1530" status="PASS">
          <reporter-output>
          </reporter-output>
        </test-method> <!-- testgetpetbystatus -->
        <test-method signature="testDeletePets()[pri:6, instance:api.test.PetsTest@31304f14]" started-at="2025-02-26T17:18:15 IST" name="testDeletePets" finished-at="2025-02-26T17:18:16 IST" duration-ms="1435" status="PASS">
          <reporter-output>
          </reporter-output>
        </test-method> <!-- testDeletePets -->
      </class> <!-- api.test.PetsTest -->
    </test> <!-- Test -->
  </suite> <!-- Suite -->
</testng-results>
